<?xml version="1.0" encoding="UTF-8"?>
<testng-results skipped="0" failed="0" ignored="0" total="1" passed="1">
  <reporter-output>
  </reporter-output>
  <suite name="Default suite" duration-ms="5136" started-at="2017-09-11T19:42:09Z" finished-at="2017-09-11T19:42:14Z">
    <groups>
    </groups>
    <test name="Default test" duration-ms="5136" started-at="2017-09-11T19:42:09Z" finished-at="2017-09-11T19:42:14Z">
      <class name="scrollPage.ScrollDown">
        <test-method status="PASS" signature="ScrollPageDown()[pri:0, instance:scrollPage.ScrollDown@6a2bcfcb]" name="ScrollPageDown" duration-ms="5103" started-at="2017-09-11T15:42:09Z" finished-at="2017-09-11T15:42:14Z">
          <reporter-output>
          </reporter-output>
        </test-method> <!-- ScrollPageDown -->
      </class> <!-- scrollPage.ScrollDown -->
    </test> <!-- Default test -->
  </suite> <!-- Default suite -->
</testng-results>
