<?xml version="1.0" encoding="UTF-8"?>
<testng-results skipped="0" failed="0" ignored="0" total="1" passed="1">
  <reporter-output>
  </reporter-output>
  <suite name="Default suite" duration-ms="4021" started-at="2017-09-10T21:42:07Z" finished-at="2017-09-10T21:42:11Z">
    <groups>
    </groups>
    <test name="Default test" duration-ms="4021" started-at="2017-09-10T21:42:07Z" finished-at="2017-09-10T21:42:11Z">
      <class name="Assertion.GmailAssert">
        <test-method status="PASS" signature="AssertGmail()[pri:0, instance:Assertion.GmailAssert@6a2bcfcb]" name="AssertGmail" duration-ms="3992" started-at="2017-09-10T17:42:07Z" finished-at="2017-09-10T17:42:11Z">
          <reporter-output>
          </reporter-output>
        </test-method> <!-- AssertGmail -->
      </class> <!-- Assertion.GmailAssert -->
    </test> <!-- Default test -->
  </suite> <!-- Default suite -->
</testng-results>
