<?xml version="1.0" encoding="UTF-8"?>
<testng-results skipped="0" failed="0" ignored="0" total="1" passed="1">
  <reporter-output>
  </reporter-output>
  <suite name="Default suite" duration-ms="13832" started-at="2017-09-12T02:56:44Z" finished-at="2017-09-12T02:56:57Z">
    <groups>
    </groups>
    <test name="Default test" duration-ms="13832" started-at="2017-09-12T02:56:44Z" finished-at="2017-09-12T02:56:57Z">
      <class name="com.wordpress.testCases.VarifyValidLoginNew">
        <test-method status="PASS" signature="checkValidUser()[pri:0, instance:com.wordpress.testCases.VarifyValidLoginNew@7921b0a2]" name="checkValidUser" duration-ms="13792" started-at="2017-09-11T22:56:44Z" finished-at="2017-09-11T22:56:57Z">
          <reporter-output>
          </reporter-output>
        </test-method> <!-- checkValidUser -->
      </class> <!-- com.wordpress.testCases.VarifyValidLoginNew -->
    </test> <!-- Default test -->
  </suite> <!-- Default suite -->
</testng-results>
