<?xml version="1.0" encoding="UTF-8"?>
<testng-results skipped="0" failed="0" ignored="0" total="1" passed="1">
  <reporter-output>
  </reporter-output>
  <suite name="Default suite" duration-ms="34845" started-at="2017-09-12T21:50:13Z" finished-at="2017-09-12T21:50:48Z">
    <groups>
    </groups>
    <test name="Default test" duration-ms="34845" started-at="2017-09-12T21:50:13Z" finished-at="2017-09-12T21:50:48Z">
      <class name="com.amazon.testCases.AmazonTests">
        <test-method status="PASS" signature="Amazon()[pri:0, instance:com.amazon.testCases.AmazonTests@7921b0a2]" name="Amazon" duration-ms="34815" started-at="2017-09-12T17:50:13Z" finished-at="2017-09-12T17:50:48Z">
          <reporter-output>
          </reporter-output>
        </test-method> <!-- Amazon -->
      </class> <!-- com.amazon.testCases.AmazonTests -->
    </test> <!-- Default test -->
  </suite> <!-- Default suite -->
</testng-results>
